<?xml version="1.0" encoding="UTF-8"?>
<!-- Generated by org.testng.reporters.JUnitReportReporter -->
<testsuite skipped="0" hostname="MININT-DVTS2IR" name="com.ms.dfm.TC_06_GetUnassignedCases" tests="5" failures="0" timestamp="2021-08-12T22:34:40 IST" time="114.721" errors="0">
  <testcase name="enterUsername" time="0.975" classname="com.ms.dfm.TC_06_GetUnassignedCases"/>
  <system-out>
Login Operation Strarted  </system-out>
  <testcase name="enterPassword" time="1.962" classname="com.ms.dfm.TC_06_GetUnassignedCases"/>
  <system-out/>
  <testcase name="clickSignIn" time="0.444" classname="com.ms.dfm.TC_06_GetUnassignedCases"/>
  <system-out/>
  <testcase name="verifyHomepage" time="75.938" classname="com.ms.dfm.TC_06_GetUnassignedCases"/>
  <system-out>
Login Operation Finished  </system-out>
  <testcase name="collectUnassignedCases" time="35.402" classname="com.ms.dfm.TC_06_GetUnassignedCases"/>
  <system-out/>
</testsuite> <!-- com.ms.dfm.TC_06_GetUnassignedCases -->
