<?xml version="1.0" encoding="UTF-8"?>
<!-- Generated by org.testng.reporters.JUnitReportReporter -->
<testsuite skipped="0" hostname="MININT-DVTS2IR" name="testRemoteDcoker.RemoteDockerGrid" tests="1" failures="0" timestamp="2021-06-28T03:11:09 IST" time="111.037" errors="0">
  <testcase name="test" time="111.037" classname="testRemoteDcoker.RemoteDockerGrid"/>
  <system-out/>
</testsuite> <!-- testRemoteDcoker.RemoteDockerGrid -->
