<?xml version="1.0" encoding="UTF-8"?>
<!-- Generated by org.testng.reporters.JUnitReportReporter -->
<testsuite skipped="6" hostname="MININT-DVTS2IR" name="com.ms.dfm.meetQuickSLA" tests="8" failures="0" timestamp="2021-06-18T11:56:52 IST" time="0.030" errors="1">
  <testcase name="meetSLA" time="0.000" classname="com.ms.dfm.meetQuickSLA">
    <skipped/>
  </testcase> <!-- meetSLA -->
  <system-out/>
  <testcase name="checkPendingSLACasesInQueue" time="0.000" classname="com.ms.dfm.meetQuickSLA">
    <skipped/>
  </testcase> <!-- checkPendingSLACasesInQueue -->
  <system-out/>
  <testcase name="getResult" time="0.018" classname="com.ms.dfm.meetQuickSLA">
    <error type="java.lang.NullPointerException">
      <![CDATA[java.lang.NullPointerException
at com.ms.dfm.utils.listeners.GenerateReport.getResult(GenerateReport.java:40)
at sun.reflect.NativeMethodAccessorImpl.invoke0(Native Method)
at sun.reflect.NativeMethodAccessorImpl.invoke(Unknown Source)
at sun.reflect.DelegatingMethodAccessorImpl.invoke(Unknown Source)
at java.lang.reflect.Method.invoke(Unknown Source)
at org.testng.internal.MethodInvocationHelper.invokeMethod(MethodInvocationHelper.java:132)
at org.testng.internal.MethodInvocationHelper.invokeMethodConsideringTimeout(MethodInvocationHelper.java:61)
at org.testng.internal.ConfigInvoker.invokeConfigurationMethod(ConfigInvoker.java:366)
at org.testng.internal.ConfigInvoker.invokeConfigurations(ConfigInvoker.java:320)
at org.testng.internal.TestInvoker.runConfigMethods(TestInvoker.java:701)
at org.testng.internal.TestInvoker.runAfterGroupsConfigurations(TestInvoker.java:677)
at org.testng.internal.TestInvoker.invokeMethod(TestInvoker.java:661)
at org.testng.internal.TestInvoker.invokeTestMethod(TestInvoker.java:174)
at org.testng.internal.MethodRunner.runInSequence(MethodRunner.java:46)
at org.testng.internal.TestInvoker$MethodInvocationAgent.invoke(TestInvoker.java:822)
at org.testng.internal.TestInvoker.invokeTestMethods(TestInvoker.java:147)
at org.testng.internal.TestMethodWorker.invokeTestMethods(TestMethodWorker.java:146)
at org.testng.internal.TestMethodWorker.run(TestMethodWorker.java:128)
at java.util.ArrayList.forEach(Unknown Source)
at org.testng.TestRunner.privateRun(TestRunner.java:764)
at org.testng.TestRunner.run(TestRunner.java:585)
at org.testng.SuiteRunner.runTest(SuiteRunner.java:384)
at org.testng.SuiteRunner.runSequentially(SuiteRunner.java:378)
at org.testng.SuiteRunner.privateRun(SuiteRunner.java:337)
at org.testng.SuiteRunner.run(SuiteRunner.java:286)
at org.testng.SuiteRunnerWorker.runSuite(SuiteRunnerWorker.java:53)
at org.testng.SuiteRunnerWorker.run(SuiteRunnerWorker.java:96)
at org.testng.TestNG.runSuitesSequentially(TestNG.java:1218)
at org.testng.TestNG.runSuitesLocally(TestNG.java:1140)
at org.testng.TestNG.runSuites(TestNG.java:1069)
at org.testng.TestNG.run(TestNG.java:1037)
at org.testng.remote.AbstractRemoteTestNG.run(AbstractRemoteTestNG.java:115)
at org.testng.remote.RemoteTestNG.initAndRun(RemoteTestNG.java:251)
at org.testng.remote.RemoteTestNG.main(RemoteTestNG.java:77)
]]>
    </error>
  </testcase> <!-- getResult -->
  <system-out/>
  <testcase name="checkPendingSLACasesInBin" time="0.012" classname="com.ms.dfm.meetQuickSLA"/>
  <system-out/>
  <testcase name="enterUsername" time="0.000" classname="com.ms.dfm.meetQuickSLA">
    <skipped/>
  </testcase> <!-- enterUsername -->
  <system-out/>
  <testcase name="enterPassword" time="0.000" classname="com.ms.dfm.meetQuickSLA">
    <skipped/>
  </testcase> <!-- enterPassword -->
  <system-out/>
  <testcase name="clickSignIn" time="0.000" classname="com.ms.dfm.meetQuickSLA">
    <skipped/>
  </testcase> <!-- clickSignIn -->
  <system-out/>
  <testcase name="verifyHomepage" time="0.000" classname="com.ms.dfm.meetQuickSLA">
    <skipped/>
  </testcase> <!-- verifyHomepage -->
  <system-out/>
</testsuite> <!-- com.ms.dfm.meetQuickSLA -->
