<?xml version="1.0" encoding="UTF-8"?>
<!-- Generated by org.testng.reporters.JUnitReportReporter -->
<testsuite skipped="0" hostname="MININT-DVTS2IR" name="com.ms.dfm.TC_07_GetUnAssignedCaseDetails" tests="1" failures="0" timestamp="2021-07-12T12:32:32 IST" time="1.549" errors="0">
  <testcase name="GettUnassignedCaseDetails" time="1.549" classname="com.ms.dfm.TC_07_GetUnAssignedCaseDetails"/>
  <system-out>
======= Started capturing the latest case logs ======   </system-out>
</testsuite> <!-- com.ms.dfm.TC_07_GetUnAssignedCaseDetails -->
