<?xml version="1.0" encoding="UTF-8"?>
<!-- Generated by org.testng.reporters.JUnitReportReporter -->
<testsuite skipped="0" hostname="MININT-DVTS2IR" name="com.ms.dfm.TC_04_SendMail" tests="5" failures="0" timestamp="2021-11-02T12:14:49 IST" time="2243.084" errors="0">
  <testcase name="enterUsername" time="0.224" classname="com.ms.dfm.TC_04_SendMail"/>
  <system-out>
Login Operation Strarted  </system-out>
  <testcase name="enterPassword" time="1.610" classname="com.ms.dfm.TC_04_SendMail"/>
  <system-out/>
  <testcase name="clickSignIn" time="21.028" classname="com.ms.dfm.TC_04_SendMail"/>
  <system-out/>
  <testcase name="verifyHomepage" time="32.363" classname="com.ms.dfm.TC_04_SendMail"/>
  <system-out>
Login Operation Finished  </system-out>
  <testcase name="createMails" time="2187.859" classname="com.ms.dfm.TC_04_SendMail"/>
  <system-out>
===== Send mail Started ====== ===== Send mail Finished ======  </system-out>
</testsuite> <!-- com.ms.dfm.TC_04_SendMail -->
