<?xml version="1.0" encoding="UTF-8"?>
<!-- Generated by org.testng.reporters.JUnitReportReporter -->
<testsuite skipped="0" hostname="MININT-DVTS2IR" name="com.ms.dfm.TC_08_meetQuickSLA" tests="7" failures="0" timestamp="2021-06-20T01:04:03 IST" time="1430.550" errors="1">
  <testcase name="enterUsername" time="0.428" classname="com.ms.dfm.TC_08_meetQuickSLA"/>
  <system-out>
Login Operation Strarted  </system-out>
  <testcase name="enterPassword" time="1.668" classname="com.ms.dfm.TC_08_meetQuickSLA"/>
  <system-out/>
  <testcase name="clickSignIn" time="1.097" classname="com.ms.dfm.TC_08_meetQuickSLA"/>
  <system-out/>
  <testcase name="verifyHomepage" time="28.613" classname="com.ms.dfm.TC_08_meetQuickSLA"/>
  <system-out>
Login Operation Finished  </system-out>
  <testcase name="checkSLAPendingCasesBin" time="1398.742" classname="com.ms.dfm.TC_08_meetQuickSLA">
    <error type="org.openqa.selenium.ElementClickInterceptedException" message="element click intercepted: Element &lt;span aria-hidden=&quot;true&quot; class=&quot;symbolFont Plus-symbol pa-hg pa-hh pa-mo &quot;&gt;&lt;/span&gt; is not clickable at point (681, 520). Other element would receive the click: &lt;div role=&quot;dialog&quot; data-uci-dialog=&quot;true&quot; class=&quot;pa-u pa-f pa-am pa-ge pa-c pa-b flexbox&quot; aria-label=&quot;Quick Create: Phone Call&quot;&gt;...&lt;/div&gt;
  (Session info: MicrosoftEdge=91.0.864.53)
Build info: version: &#039;4.0.0-beta-2&#039;, revision: &#039;4ec0cfc112&#039;
System info: host: &#039;MININT-DVTS2IR&#039;, ip: &#039;172.22.80.1&#039;, os.name: &#039;Windows 10&#039;, os.arch: &#039;amd64&#039;, os.version: &#039;10.0&#039;, java.version: &#039;1.8.0_291&#039;
Driver info: org.openqa.selenium.edge.EdgeDriver
Command: [8759f83ff8baa757231628bf086ba572, clickElement {id=969f8fcd-7634-4eba-b546-a2bb288a5d43}]
Capabilities {acceptInsecureCerts: false, browserName: msedge, browserVersion: 91.0.864.53, javascriptEnabled: true, ms:edgeOptions: {debuggerAddress: localhost:28817}, msedge: {msedgedriverVersion: 91.0.864.37 (ef0020ad63bb4f..., userDataDir: C:\Users\sarawa\AppData\Loc...}, networkConnectionEnabled: false, pageLoadStrategy: normal, platform: WINDOWS, platformName: WINDOWS, proxy: Proxy(), setWindowRect: true, strictFileInteractability: false, timeouts: {implicit: 0, pageLoad: 300000, script: 30000}, unhandledPromptBehavior: dismiss and notify, webauthn:extension:largeBlob: true, webauthn:virtualAuthenticators: true}
Element: [[EdgeDriver: msedge on WINDOWS (8759f83ff8baa757231628bf086ba572)] -&gt; xpath: //span[contains (@class, &#039;symbolFont Plus-symbol &#039;)]]
Session ID: 8759f83ff8baa757231628bf086ba572">
      <![CDATA[org.openqa.selenium.ElementClickInterceptedException: element click intercepted: Element <span aria-hidden="true" class="symbolFont Plus-symbol pa-hg pa-hh pa-mo "></span> is not clickable at point (681, 520). Other element would receive the click: <div role="dialog" data-uci-dialog="true" class="pa-u pa-f pa-am pa-ge pa-c pa-b flexbox" aria-label="Quick Create: Phone Call">...</div>
  (Session info: MicrosoftEdge=91.0.864.53)
Build info: version: '4.0.0-beta-2', revision: '4ec0cfc112'
System info: host: 'MININT-DVTS2IR', ip: '172.22.80.1', os.name: 'Windows 10', os.arch: 'amd64', os.version: '10.0', java.version: '1.8.0_291'
Driver info: org.openqa.selenium.edge.EdgeDriver
Command: [8759f83ff8baa757231628bf086ba572, clickElement {id=969f8fcd-7634-4eba-b546-a2bb288a5d43}]
Capabilities {acceptInsecureCerts: false, browserName: msedge, browserVersion: 91.0.864.53, javascriptEnabled: true, ms:edgeOptions: {debuggerAddress: localhost:28817}, msedge: {msedgedriverVersion: 91.0.864.37 (ef0020ad63bb4f..., userDataDir: C:\Users\sarawa\AppData\Loc...}, networkConnectionEnabled: false, pageLoadStrategy: normal, platform: WINDOWS, platformName: WINDOWS, proxy: Proxy(), setWindowRect: true, strictFileInteractability: false, timeouts: {implicit: 0, pageLoad: 300000, script: 30000}, unhandledPromptBehavior: dismiss and notify, webauthn:extension:largeBlob: true, webauthn:virtualAuthenticators: true}
Element: [[EdgeDriver: msedge on WINDOWS (8759f83ff8baa757231628bf086ba572)] -> xpath: //span[contains (@class, 'symbolFont Plus-symbol ')]]
Session ID: 8759f83ff8baa757231628bf086ba572
at sun.reflect.NativeConstructorAccessorImpl.newInstance0(Native Method)
at sun.reflect.NativeConstructorAccessorImpl.newInstance(Unknown Source)
at sun.reflect.DelegatingConstructorAccessorImpl.newInstance(Unknown Source)
at java.lang.reflect.Constructor.newInstance(Unknown Source)
at org.openqa.selenium.remote.codec.w3c.W3CHttpResponseCodec.createException(W3CHttpResponseCodec.java:195)
at org.openqa.selenium.remote.codec.w3c.W3CHttpResponseCodec.decode(W3CHttpResponseCodec.java:128)
at org.openqa.selenium.remote.codec.w3c.W3CHttpResponseCodec.decode(W3CHttpResponseCodec.java:52)
at org.openqa.selenium.remote.HttpCommandExecutor.execute(HttpCommandExecutor.java:187)
at org.openqa.selenium.remote.service.DriverCommandExecutor.invokeExecute(DriverCommandExecutor.java:153)
at org.openqa.selenium.remote.service.DriverCommandExecutor.execute(DriverCommandExecutor.java:128)
at org.openqa.selenium.remote.RemoteWebDriver.execute(RemoteWebDriver.java:620)
at org.openqa.selenium.remote.RemoteWebElement.execute(RemoteWebElement.java:239)
at org.openqa.selenium.remote.RemoteWebElement.click(RemoteWebElement.java:77)
at com.ms.dfm.modules.plusButtonAction.buttonActions(plusButtonAction.java:29)
at com.ms.dfm.modules.meetSLA.meetSLA_Call(meetSLA.java:13)
at com.ms.dfm.TC_08_meetQuickSLA.checkSLAPendingCasesBin(TC_08_meetQuickSLA.java:38)
at sun.reflect.NativeMethodAccessorImpl.invoke0(Native Method)
at sun.reflect.NativeMethodAccessorImpl.invoke(Unknown Source)
at sun.reflect.DelegatingMethodAccessorImpl.invoke(Unknown Source)
at java.lang.reflect.Method.invoke(Unknown Source)
at org.testng.internal.MethodInvocationHelper.invokeMethod(MethodInvocationHelper.java:132)
at org.testng.internal.TestInvoker.invokeMethod(TestInvoker.java:599)
at org.testng.internal.TestInvoker.invokeTestMethod(TestInvoker.java:174)
at org.testng.internal.MethodRunner.runInSequence(MethodRunner.java:46)
at org.testng.internal.TestInvoker$MethodInvocationAgent.invoke(TestInvoker.java:822)
at org.testng.internal.TestInvoker.invokeTestMethods(TestInvoker.java:147)
at org.testng.internal.TestMethodWorker.invokeTestMethods(TestMethodWorker.java:146)
at org.testng.internal.TestMethodWorker.run(TestMethodWorker.java:128)
at java.util.ArrayList.forEach(Unknown Source)
at org.testng.TestRunner.privateRun(TestRunner.java:764)
at org.testng.TestRunner.run(TestRunner.java:585)
at org.testng.SuiteRunner.runTest(SuiteRunner.java:384)
at org.testng.SuiteRunner.runSequentially(SuiteRunner.java:378)
at org.testng.SuiteRunner.privateRun(SuiteRunner.java:337)
at org.testng.SuiteRunner.run(SuiteRunner.java:286)
at org.testng.SuiteRunnerWorker.runSuite(SuiteRunnerWorker.java:53)
at org.testng.SuiteRunnerWorker.run(SuiteRunnerWorker.java:96)
at org.testng.TestNG.runSuitesSequentially(TestNG.java:1218)
at org.testng.TestNG.runSuitesLocally(TestNG.java:1140)
at org.testng.TestNG.runSuites(TestNG.java:1069)
at org.testng.TestNG.run(TestNG.java:1037)
at org.testng.remote.AbstractRemoteTestNG.run(AbstractRemoteTestNG.java:115)
at org.testng.remote.RemoteTestNG.initAndRun(RemoteTestNG.java:251)
at org.testng.remote.RemoteTestNG.main(RemoteTestNG.java:77)
]]>
    </error>
  </testcase> <!-- checkSLAPendingCasesBin -->
  <system-out/>
  <testcase name="checkSLAPendingCasesQueue" time="0.001" classname="com.ms.dfm.TC_08_meetQuickSLA"/>
  <system-out/>
  <testcase name="meetSLA" time="0.001" classname="com.ms.dfm.TC_08_meetQuickSLA"/>
  <system-out/>
</testsuite> <!-- com.ms.dfm.TC_08_meetQuickSLA -->
