<?xml version="1.0" encoding="UTF-8"?>
<!-- Generated by org.testng.reporters.JUnitReportReporter -->
<testsuite skipped="0" hostname="MININT-DVTS2IR" name="com.ms.dfm.TC_01_Home_Login" tests="4" failures="0" timestamp="2021-10-31T15:52:53 IST" time="70.925" errors="0">
  <testcase name="enterUsername" time="0.130" classname="com.ms.dfm.TC_01_Home_Login"/>
  <system-out>
Login Operation Strarted  </system-out>
  <testcase name="enterPassword" time="2.220" classname="com.ms.dfm.TC_01_Home_Login"/>
  <system-out/>
  <testcase name="clickSignIn" time="48.739" classname="com.ms.dfm.TC_01_Home_Login"/>
  <system-out/>
  <testcase name="verifyHomepage" time="19.836" classname="com.ms.dfm.TC_01_Home_Login"/>
  <system-out>
Login Operation Finished  </system-out>
</testsuite> <!-- com.ms.dfm.TC_01_Home_Login -->
