<?xml version="1.0" encoding="UTF-8"?>
<!-- Generated by org.testng.reporters.JUnitReportReporter -->
<testsuite hostname="MININT-DVTS2IR" failures="0" tests="4" name="StepDefinitions.loginDemo" time="11.010" errors="0" timestamp="2021-12-22T00:03:19 IST" skipped="0">
  <testcase classname="StepDefinitions.loginDemo" name="launchBrowser" time="8.642"/>
  <system-out/>
  <testcase classname="StepDefinitions.loginDemo" name="enterUrl" time="1.807"/>
  <system-out/>
  <testcase classname="StepDefinitions.loginDemo" name="verifyHomepage" time="0.195"/>
  <system-out/>
  <testcase classname="StepDefinitions.loginDemo" name="verifyTheCollection" time="0.366"/>
  <system-out/>
</testsuite> <!-- StepDefinitions.loginDemo -->
