<?xml version="1.0" encoding="UTF-8"?>
<!-- Generated by org.testng.reporters.JUnitReportReporter -->
<testsuite skipped="0" hostname="MININT-DVTS2IR" name="com.ms.dfm.checkInitialContactPending" tests="5" failures="0" timestamp="2021-04-24T21:56:35 IST" time="42.090" errors="0">
  <testcase name="enterUsername" time="0.362" classname="com.ms.dfm.checkInitialContactPending"/>
  <system-out/>
  <testcase name="enterPassword" time="1.527" classname="com.ms.dfm.checkInitialContactPending"/>
  <system-out/>
  <testcase name="clickSignIn" time="11.601" classname="com.ms.dfm.checkInitialContactPending"/>
  <system-out/>
  <testcase name="verifyHomepage" time="1.365" classname="com.ms.dfm.checkInitialContactPending"/>
  <system-out/>
  <testcase name="openCases" time="27.235" classname="com.ms.dfm.checkInitialContactPending"/>
  <system-out>
===== Checking the cases with open & Pending IR status ====== ===== Done Checking the cases with open & Pending IR status ======  </system-out>
</testsuite> <!-- com.ms.dfm.checkInitialContactPending -->
