<?xml version="1.0" encoding="UTF-8"?>
<!-- Generated by org.testng.reporters.JUnitReportReporter -->
<testsuite skipped="0" hostname="MININT-DVTS2IR" name="com.ms.dfm.TC_02_CollectCaseStatusAndSeverity" tests="5" failures="0" timestamp="2021-10-28T02:06:40 IST" time="52.452" errors="0">
  <testcase name="enterUsername" time="0.084" classname="com.ms.dfm.TC_02_CollectCaseStatusAndSeverity"/>
  <system-out>
Login Operation Strarted  </system-out>
  <testcase name="enterPassword" time="0.030" classname="com.ms.dfm.TC_02_CollectCaseStatusAndSeverity"/>
  <system-out/>
  <testcase name="clickSignIn" time="0.007" classname="com.ms.dfm.TC_02_CollectCaseStatusAndSeverity"/>
  <system-out/>
  <testcase name="verifyHomepage" time="26.500" classname="com.ms.dfm.TC_02_CollectCaseStatusAndSeverity"/>
  <system-out>
Login Operation Finished  </system-out>
  <testcase name="openCases" time="25.831" classname="com.ms.dfm.TC_02_CollectCaseStatusAndSeverity"/>
  <system-out>
===== Checking the cases with open & Pending IR status ====== ===== Done Checking the cases with open & Pending IR status ======  </system-out>
</testsuite> <!-- com.ms.dfm.TC_02_CollectCaseStatusAndSeverity -->
