<?xml version="1.0" encoding="UTF-8"?>
<!-- Generated by org.testng.reporters.JUnitReportReporter -->
<testsuite skipped="0" hostname="MININT-DVTS2IR" name="com.ms.dfm.TC_02_CollectCaseStatusAndSeverity" tests="1" failures="0" timestamp="2021-10-23T08:26:41 IST" time="21.236" errors="0">
  <testcase name="openCases" time="21.236" classname="com.ms.dfm.TC_02_CollectCaseStatusAndSeverity"/>
  <system-out>
    <![CDATA[===== Checking the cases with open & Pending IR status ======
===== Done Checking the cases with open & Pending IR status ======]]>
  </system-out>
</testsuite> <!-- com.ms.dfm.TC_02_CollectCaseStatusAndSeverity -->
