<?xml version="1.0" encoding="UTF-8"?>
<!-- Generated by org.testng.reporters.JUnitReportReporter -->
<testsuite skipped="0" hostname="MININT-DVTS2IR" name="com.ms.dfm.TC_01_Home_Login" tests="4" failures="0" timestamp="2021-10-23T08:26:41 IST" time="27.666" errors="0">
  <testcase name="enterUsername" time="0.200" classname="com.ms.dfm.TC_01_Home_Login"/>
  <system-out>
    <![CDATA[Login Operation Strarted]]>
  </system-out>
  <testcase name="enterPassword" time="0.007" classname="com.ms.dfm.TC_01_Home_Login"/>
  <system-out/>
  <testcase name="clickSignIn" time="0.032" classname="com.ms.dfm.TC_01_Home_Login"/>
  <system-out/>
  <testcase name="verifyHomepage" time="27.427" classname="com.ms.dfm.TC_01_Home_Login"/>
  <system-out>
    <![CDATA[Login Operation Finished]]>
  </system-out>
</testsuite> <!-- com.ms.dfm.TC_01_Home_Login -->
